#
# There is insufficient memory for the Java Runtime Environment to continue.
# Native memory allocation (malloc) failed to allocate 16384 bytes for AllocateHeap
# Possible reasons:
#   The system is out of physical RAM or swap space
#   In 32 bit mode, the process size limit was hit
# Possible solutions:
#   Reduce memory load on the system
#   Increase physical memory or swap space
#   Check if swap backing store is full
#   Use 64 bit Java on a 64 bit OS
#   Decrease Java heap size (-Xmx/-Xms)
#   Decrease number of Java threads
#   Decrease Java thread stack sizes (-Xss)
#   Set larger code cache with -XX:ReservedCodeCacheSize=
# This output file may be truncated or incomplete.
#
#  Out of Memory Error (memory/allocation.inline.hpp:61), pid=11232, tid=12552
#
# JRE version: Java(TM) SE Runtime Environment (8.0_65-b17) (build 1.8.0_65-b17)
# Java VM: Java HotSpot(TM) 64-Bit Server VM (25.65-b01 mixed mode windows-amd64 compressed oops)
# Failed to write core dump. Minidumps are not enabled by default on client versions of Windows
#

---------------  T H R E A D  ---------------

Current thread (0x000000001642a800):  JavaThread "pool-1-thread-1" [_thread_in_vm, id=12552, stack(0x0000000016de0000,0x0000000016ee0000)]

Stack: [0x0000000016de0000,0x0000000016ee0000]
[error occurred during error reporting (printing stack bounds), id 0xc0000005]

Native frames: (J=compiled Java code, j=interpreted, Vv=VM code, C=native code)

Java frames: (J=compiled Java code, j=interpreted, Vv=VM code)
j  java.lang.ClassLoader.defineClass1(Ljava/lang/String;[BIILjava/security/ProtectionDomain;Ljava/lang/String;)Ljava/lang/Class;+0
j  java.lang.ClassLoader.defineClass(Ljava/lang/String;[BIILjava/security/ProtectionDomain;)Ljava/lang/Class;+27
j  java.security.SecureClassLoader.defineClass(Ljava/lang/String;[BIILjava/security/CodeSource;)Ljava/lang/Class;+12
j  java.net.URLClassLoader.defineClass(Ljava/lang/String;Lsun/misc/Resource;)Ljava/lang/Class;+138
j  java.net.URLClassLoader.access$100(Ljava/net/URLClassLoader;Ljava/lang/String;Lsun/misc/Resource;)Ljava/lang/Class;+3
j  java.net.URLClassLoader$1.run()Ljava/lang/Class;+43
J 191 C1 java.net.URLClassLoader$1.run()Ljava/lang/Object; (5 bytes) @ 0x00000000029a818c [0x00000000029a8100+0x8c]
v  ~StubRoutines::call_stub
J 190  java.security.AccessController.doPrivileged(Ljava/security/PrivilegedExceptionAction;Ljava/security/AccessControlContext;)Ljava/lang/Object; (0 bytes) @ 0x00000000029a7da6 [0x00000000029a7d40+0x66]
J 156 C1 java.net.URLClassLoader.findClass(Ljava/lang/String;)Ljava/lang/Class; (47 bytes) @ 0x0000000002995bc4 [0x0000000002995a40+0x184]
J 96 C1 java.lang.ClassLoader.loadClass(Ljava/lang/String;Z)Ljava/lang/Class; (122 bytes) @ 0x000000000297866c [0x0000000002977d00+0x96c]
J 183 C1 sun.misc.Launcher$AppClassLoader.loadClass(Ljava/lang/String;Z)Ljava/lang/Class; (85 bytes) @ 0x00000000029a44e4 [0x00000000029a3b40+0x9a4]
J 182 C1 java.lang.ClassLoader.loadClass(Ljava/lang/String;)Ljava/lang/Class; (7 bytes) @ 0x00000000029a4f4c [0x00000000029a4e40+0x10c]
v  ~StubRoutines::call_stub
j  com.android.dx.ssa.SsaConverter.convertToSsaMethod(Lcom/android/dx/rop/code/RopMethod;IZ)Lcom/android/dx/ssa/SsaMethod;+24
j  com.android.dx.ssa.Optimizer.optimize(Lcom/android/dx/rop/code/RopMethod;IZZLcom/android/dx/rop/code/TranslationAdvice;Ljava/util/EnumSet;)Lcom/android/dx/rop/code/RopMethod;+15
j  com.android.dx.ssa.Optimizer.optimize(Lcom/android/dx/rop/code/RopMethod;IZZLcom/android/dx/rop/code/TranslationAdvice;)Lcom/android/dx/rop/code/RopMethod;+12
j  com.android.dx.dex.cf.CfTranslator.processMethods(Lcom/android/dx/cf/direct/DirectClassFile;Lcom/android/dx/dex/cf/CfOptions;Lcom/android/dx/dex/DexOptions;Lcom/android/dx/dex/file/ClassDefItem;Lcom/android/dx/dex/file/DexFile;)V+265
j  com.android.dx.dex.cf.CfTranslator.translate0(Lcom/android/dx/cf/direct/DirectClassFile;[BLcom/android/dx/dex/cf/CfOptions;Lcom/android/dx/dex/DexOptions;Lcom/android/dx/dex/file/DexFile;)Lcom/android/dx/dex/file/ClassDefItem;+120
j  com.android.dx.dex.cf.CfTranslator.translate(Lcom/android/dx/cf/direct/DirectClassFile;[BLcom/android/dx/dex/cf/CfOptions;Lcom/android/dx/dex/DexOptions;Lcom/android/dx/dex/file/DexFile;)Lcom/android/dx/dex/file/ClassDefItem;+6
j  com.android.dx.command.dexer.Main.translateClass([BLcom/android/dx/cf/direct/DirectClassFile;)Lcom/android/dx/dex/file/ClassDefItem;+17
j  com.android.dx.command.dexer.Main.access$2700([BLcom/android/dx/cf/direct/DirectClassFile;)Lcom/android/dx/dex/file/ClassDefItem;+2
j  com.android.dx.command.dexer.Main$ClassTranslatorTask.call()Lcom/android/dx/dex/file/ClassDefItem;+8
j  com.android.dx.command.dexer.Main$ClassTranslatorTask.call()Ljava/lang/Object;+1
j  java.util.concurrent.FutureTask.run()V+42
j  java.util.concurrent.ThreadPoolExecutor.runWorker(Ljava/util/concurrent/ThreadPoolExecutor$Worker;)V+95
j  java.util.concurrent.ThreadPoolExecutor$Worker.run()V+5
j  java.lang.Thread.run()V+11
v  ~StubRoutines::call_stub

---------------  P R O C E S S  ---------------

Java Threads: ( => current thread )
  0x000000001642b800 JavaThread "pool-2-thread-1" [_thread_blocked, id=8704, stack(0x0000000016ee0000,0x0000000016fe0000)]
=>0x000000001642a800 JavaThread "pool-1-thread-1" [_thread_in_vm, id=12552, stack(0x0000000016de0000,0x0000000016ee0000)]
  0x000000001633c000 JavaThread "Service Thread" daemon [_thread_blocked, id=7380, stack(0x0000000016be0000,0x0000000016ce0000)]
  0x000000000283e800 JavaThread "C1 CompilerThread2" daemon [_thread_blocked, id=2796, stack(0x0000000016ae0000,0x0000000016be0000)]
  0x000000000283d000 JavaThread "C2 CompilerThread1" daemon [_thread_blocked, id=11404, stack(0x00000000169e0000,0x0000000016ae0000)]
  0x000000000283a000 JavaThread "C2 CompilerThread0" daemon [_thread_blocked, id=7140, stack(0x00000000168e0000,0x00000000169e0000)]
  0x0000000014f21800 JavaThread "Attach Listener" daemon [_thread_blocked, id=11564, stack(0x00000000167e0000,0x00000000168e0000)]
  0x0000000014f06800 JavaThread "Signal Dispatcher" daemon [_thread_blocked, id=10892, stack(0x00000000166e0000,0x00000000167e0000)]
  0x0000000002830800 JavaThread "Finalizer" daemon [_thread_blocked, id=5592, stack(0x0000000016160000,0x0000000016260000)]
  0x000000000282d800 JavaThread "Reference Handler" daemon [_thread_blocked, id=11864, stack(0x0000000016060000,0x0000000016160000)]
  0x000000000273d800 JavaThread "main" [_thread_blocked, id=4008, stack(0x0000000002140000,0x0000000002240000)]

Other Threads:
  0x0000000014ed8800 VMThread [stack: 0x0000000015f60000,0x0000000016060000] [id=6688]
  0x000000001634e800 WatcherThread [stack: 0x0000000016ce0000,0x0000000016de0000] [id=10172]

VM state:not at safepoint (normal execution)

VM Mutex/Monitor currently owned by a thread:  ([mutex/lock_event])
[0x000000000273cc30] SystemDictionary_lock - owner thread: 0x000000001642a800
[0x0000000002741c50] Compile_lock - owner thread: 0x000000001642a800

Heap:
 PSYoungGen      total 38400K, used 7328K [0x00000000eab00000, 0x00000000ed580000, 0x0000000100000000)
  eden space 33280K, 22% used [0x00000000eab00000,0x00000000eb228310,0x00000000ecb80000)
  from space 5120K, 0% used [0x00000000ed080000,0x00000000ed080000,0x00000000ed580000)
  to   space 5120K, 0% used [0x00000000ecb80000,0x00000000ecb80000,0x00000000ed080000)
 ParOldGen       total 87552K, used 0K [0x00000000c0000000, 0x00000000c5580000, 0x00000000eab00000)
  object space 87552K, 0% used [0x00000000c0000000,0x00000000c0000000,0x00000000c5580000)
 Metaspace       used 4494K, capacity 5648K, committed 6016K, reserved 1056768K
  class space    used 499K, capacity 520K, committed 640K, reserved 1048576K

Card table byte_map: [0x0000000011c00000,0x0000000011e10000] byte_map_base: 0x0000000011600000

Marking Bits: (ParMarkBitMap*) 0x0000000054baa5b0
 Begin Bits: [0x0000000012370000, 0x0000000013370000)
 End Bits:   [0x0000000013370000, 0x0000000014370000)

Polling page: 0x0000000000910000

CodeCache: size=245760Kb used=1462Kb max_used=1462Kb free=244297Kb
 bounds [0x0000000002840000, 0x0000000002ab0000, 0x0000000011840000]
 total_blobs=461 nmethods=197 adapters=177
 compilation: enabled

Compilation events (10 events):
Event: 5.023 Thread 0x000000000283e800  194       3       java.util.jar.JarFile::maybeInstantiateVerifier (96 bytes)
Event: 5.024 Thread 0x000000000283e800 nmethod 194 0x00000000029a91d0 code [0x00000000029a9400, 0x00000000029aa088]
Event: 5.024 Thread 0x000000000283e800  195       3       java.security.CodeSource::getCertificates (98 bytes)
Event: 5.025 Thread 0x000000000283e800 nmethod 195 0x00000000029aa6d0 code [0x00000000029aa900, 0x00000000029ab4d8]
Event: 5.034 Thread 0x000000000283e800  196   !   3       java.lang.ClassLoader::getPackage (118 bytes)
Event: 5.035 Thread 0x000000000283e800 nmethod 196 0x00000000029ab910 code [0x00000000029abae0, 0x00000000029ac5e8]
Event: 5.039 Thread 0x000000000283e800  197       3       java.util.BitSet::get (69 bytes)
Event: 5.039 Thread 0x000000000283e800 nmethod 197 0x00000000029ac9d0 code [0x00000000029acbe0, 0x00000000029ad5a8]
Event: 5.039 Thread 0x000000000283e800  198  s    1       java.util.Vector::size (5 bytes)
Event: 5.040 Thread 0x000000000283e800 nmethod 198 0x00000000029ada50 code [0x00000000029adba0, 0x00000000029ade10]

GC Heap History (0 events):
No events

Deoptimization events (0 events):
No events

Internal exceptions (2 events):
Event: 1.003 Thread 0x000000000273d800 Exception <a 'java/lang/NoSuchMethodError': Method sun.misc.Unsafe.defineClass(Ljava/lang/String;[BII)Ljava/lang/Class; name or signature does not match> (0x00000000eab130a0) thrown at [C:\workspace\8-2-build-windows-amd64-cygwin\jdk8u65\4987\hotspot\src\s½q×ð?
Event: 1.003 Thread 0x000000000273d800 Exception <a 'java/lang/NoSuchMethodError': Method sun.misc.Unsafe.prefetchRead(Ljava/lang/Object;J)V name or signature does not match> (0x00000000eab13388) thrown at [C:\workspace\8-2-build-windows-amd64-cygwin\jdk8u65\4987\hotspot\src\share\vm\prims\jni.

Events (10 events):
Event: 5.040 loading class com/android/dx/util/IntSet
Event: 5.040 loading class com/android/dx/util/IntSet done
Event: 5.040 loading class com/android/dx/util/BitIntSet
Event: 5.040 loading class com/android/dx/util/BitIntSet done
Event: 5.040 loading class com/android/dx/util/IntIterator
Event: 5.040 loading class com/android/dx/util/IntIterator done
Event: 5.041 loading class com/android/dx/util/BitIntSet$1
Event: 5.041 loading class com/android/dx/util/BitIntSet$1 done
Event: 5.041 loading class com/android/dx/ssa/SsaRenamer
Event: 5.041 loading class com/android/dx/ssa/SsaRenamer done


Dynamic libraries:
0x00007ff7f15b0000 - 0x00007ff7f15e7000 	C:\Program Files\Java\jdk1.8.0_65\bin\java.exe
0x00007ffb390d0000 - 0x00007ffb39291000 	C:\WINDOWS\SYSTEM32\ntdll.dll
0x00007ffb39010000 - 0x00007ffb390bd000 	C:\WINDOWS\system32\KERNEL32.DLL
0x00007ffb35ff0000 - 0x00007ffb361d8000 	C:\WINDOWS\system32\KERNELBASE.dll
0x00007ffb36750000 - 0x00007ffb367f7000 	C:\WINDOWS\system32\ADVAPI32.dll
0x00007ffb38f50000 - 0x00007ffb38fed000 	C:\WINDOWS\system32\msvcrt.dll
0x00007ffb36970000 - 0x00007ffb369cb000 	C:\WINDOWS\system32\sechost.dll
0x00007ffb37310000 - 0x00007ffb3742c000 	C:\WINDOWS\system32\RPCRT4.dll
0x00007ffb38cc0000 - 0x00007ffb38e16000 	C:\WINDOWS\system32\USER32.dll
0x00007ffb369d0000 - 0x00007ffb36b56000 	C:\WINDOWS\system32\GDI32.dll
0x00007ffb2d680000 - 0x00007ffb2d8f4000 	C:\WINDOWS\WinSxS\amd64_microsoft.windows.common-controls_6595b64144ccf1df_6.0.10586.0_none_8c15ae12515e1c22\COMCTL32.dll
0x00007ffb364d0000 - 0x00007ffb3674d000 	C:\WINDOWS\system32\combase.dll
0x00007ffb36290000 - 0x00007ffb362fa000 	C:\WINDOWS\system32\bcryptPrimitives.dll
0x00007ffb36c90000 - 0x00007ffb36ccb000 	C:\WINDOWS\system32\IMM32.DLL
0x00007ffb1f510000 - 0x00007ffb1f533000 	C:\WINDOWS\SYSTEM32\f_im.dll
0x0000000061000000 - 0x00000000612cc000 	C:\Program Files\Fasoo DRM\f_sps.dll
0x00007ffb38b70000 - 0x00007ffb38cb3000 	C:\WINDOWS\system32\ole32.dll
0x00007ffb36b60000 - 0x00007ffb36c21000 	C:\WINDOWS\system32\OLEAUT32.dll
0x00007ffb36910000 - 0x00007ffb36962000 	C:\WINDOWS\system32\SHLWAPI.dll
0x0000000000860000 - 0x0000000000893000 	C:\WINDOWS\SYSTEM32\f_pbrc12.dll
0x00007ffb2d900000 - 0x00007ffb2d907000 	C:\WINDOWS\SYSTEM32\msimg32.dll
0x00007ffb2e860000 - 0x00007ffb2e86a000 	C:\WINDOWS\SYSTEM32\version.dll
0x00007ffb31060000 - 0x00007ffb310e4000 	C:\WINDOWS\SYSTEM32\winspool.drv
0x00007ffb352f0000 - 0x00007ffb35319000 	C:\WINDOWS\SYSTEM32\bcrypt.dll
0x00007ffb390c0000 - 0x00007ffb390c8000 	C:\WINDOWS\system32\psapi.dll
0x00007ffb33c00000 - 0x00007ffb33c13000 	C:\WINDOWS\SYSTEM32\wtsapi32.dll
0x00007ffb37610000 - 0x00007ffb38b6c000 	C:\WINDOWS\system32\shell32.dll
0x00007ffb357e0000 - 0x00007ffb35823000 	C:\WINDOWS\system32\cfgmgr32.dll
0x00007ffb358f0000 - 0x00007ffb35f34000 	C:\WINDOWS\system32\windows.storage.dll
0x00007ffb35770000 - 0x00007ffb3577f000 	C:\WINDOWS\system32\kernel.appcore.dll
0x00007ffb35830000 - 0x00007ffb358e5000 	C:\WINDOWS\system32\shcore.dll
0x00007ffb356f0000 - 0x00007ffb3573b000 	C:\WINDOWS\system32\powrprof.dll
0x00007ffb35750000 - 0x00007ffb35764000 	C:\WINDOWS\system32\profapi.dll
0x0000000053f20000 - 0x0000000053ff2000 	C:\Program Files\Java\jdk1.8.0_65\jre\bin\msvcr100.dll
0x00000000543a0000 - 0x0000000054c29000 	C:\Program Files\Java\jdk1.8.0_65\jre\bin\server\jvm.dll
0x00007ffb31b60000 - 0x00007ffb31b69000 	C:\WINDOWS\SYSTEM32\WSOCK32.dll
0x00000000020d0000 - 0x000000000213b000 	C:\WINDOWS\system32\WS2_32.dll
0x00007ffb33ea0000 - 0x00007ffb33ec3000 	C:\WINDOWS\SYSTEM32\WINMM.dll
0x00007ffb33e40000 - 0x00007ffb33e6c000 	C:\WINDOWS\SYSTEM32\WINMMBASE.dll
0x0000000054390000 - 0x000000005439f000 	C:\Program Files\Java\jdk1.8.0_65\jre\bin\verify.dll
0x0000000054360000 - 0x0000000054389000 	C:\Program Files\Java\jdk1.8.0_65\jre\bin\java.dll
0x0000000054340000 - 0x0000000054356000 	C:\Program Files\Java\jdk1.8.0_65\jre\bin\zip.dll

VM Arguments:
jvm_args: -Djava.awt.headless=true -Xmx1024M -Dfile.encoding=x-windows-949 -Duser.country=KR -Duser.language=ko -Duser.variant 
java_command: com.android.dx.command.Main --dex --force-jumbo --num-threads=4 --output D:\Works\BCS_Navyzebra_MSalon\Android\workspace_MSALON\MSalonAndroidJYT\app\build\intermediates\pre-dexed\debug\instant-run-bootstrap_051c83adf95241cafa729b59663a3118596281b2.jar D:\Works\BCS_Navyzebra_MSalon\Android\workspace_MSALON\MSalonAndroidJYT\app\build\intermediates\incremental-classes\debug\instant-run-bootstrap.jar
java_class_path (initial): C:\Users\pc\AppData\Local\Android\sdk\build-tools\23.0.1\lib\dx.jar
Launcher Type: SUN_STANDARD

Environment Variables:
JAVA_HOME=C:\Program Files\Java\jdk1.8.0_65
PATH=C:\Program Files (x86)\Intel\iCLS Client\;C:\Program Files\Intel\iCLS Client\;C:\ProgramData\Oracle\Java\javapath;C:\WINDOWS\system32;C:\WINDOWS;C:\WINDOWS\System32\Wbem;C:\WINDOWS\System32\WindowsPowerShell\v1.0\;C:\Program Files\Intel\IntelSGXPSW\bin\x64\Release\;C:\Program Files\Intel\IntelSGXPSW\bin\win32\Release\;C:\WINDOWS\system32\config\systemprofile\.dnx\bin;C:\Program Files\Microsoft DNX\Dnvm\;C:\Program Files (x86)\Windows Kits\8.1\Windows Performance Toolkit\;C:\Program Files\Java\jdk1.8.0_65\bin;C:\Program Files (x86)\Intel\Intel(R) Management Engine Components\DAL;C:\Program Files\Intel\Intel(R) Management Engine Components\DAL;C:\Program Files (x86)\Intel\Intel(R) Management Engine Components\IPT;C:\Program Files\Intel\Intel(R) Management Engine Components\IPT;C:\Program Files\Intel\WiFi\bin\;C:\Program Files\Common Files\Intel\WirelessCommon\;C:\Program Files (x86)\ESTsoft\ALSee\x64
USERNAME=pc
OS=Windows_NT
PROCESSOR_IDENTIFIER=Intel64 Family 6 Model 78 Stepping 3, GenuineIntel



---------------  S Y S T E M  ---------------

OS: Windows 10.0 , 64 bit Build 10586 (10.0.10586.0)

CPU:total 4 (2 cores per cpu, 2 threads per core) family 6 model 78 stepping 3, cmov, cx8, fxsr, mmx, sse, sse2, sse3, ssse3, sse4.1, sse4.2, popcnt, avx, avx2, aes, clmul, erms, 3dnowpref, lzcnt, ht, tsc, tscinvbit, bmi1, bmi2, adx

Memory: 4k page, physical 8268288k(2543352k free), swap 33434112k(736k free)

vm_info: Java HotSpot(TM) 64-Bit Server VM (25.65-b01) for windows-amd64 JRE (1.8.0_65-b17), built on Oct  6 2015 16:39:20 by "java_re" with MS VC++ 10.0 (VS2010)

time: Sun Jul 03 23:30:53 2016
elapsed time: 5 seconds (0d 0h 0m 5s)

